[debug] [2022-12-16T01:46:49.849Z] ----------------------------------------------------------------------
[debug] [2022-12-16T01:46:49.854Z] Command:       /opt/homebrew/Cellar/node/19.1.0/bin/node /opt/homebrew/bin/firebase init
[debug] [2022-12-16T01:46:49.854Z] CLI Version:   11.18.0
[debug] [2022-12-16T01:46:49.854Z] Platform:      darwin
[debug] [2022-12-16T01:46:49.855Z] Node Version:  v19.1.0
[debug] [2022-12-16T01:46:49.855Z] Time:          Fri Dec 16 2022 09:46:49 GMT+0800 (Philippine Standard Time)
[debug] [2022-12-16T01:46:49.855Z] ----------------------------------------------------------------------
[debug] 
[debug] [2022-12-16T01:46:49.857Z] > command requires scopes: ["email","openid","https://www.googleapis.com/auth/cloudplatformprojects.readonly","https://www.googleapis.com/auth/firebase","https://www.googleapis.com/auth/cloud-platform"]
[debug] [2022-12-16T01:46:49.858Z] > authorizing via signed-in user (nthnlwebdev@gmail.com)
[info] 
     ######## #### ########  ######## ########     ###     ######  ########
     ##        ##  ##     ## ##       ##     ##  ##   ##  ##       ##
     ######    ##  ########  ######   ########  #########  ######  ######
     ##        ##  ##    ##  ##       ##     ## ##     ##       ## ##
     ##       #### ##     ## ######## ########  ##     ##  ######  ########

You're about to initialize a Firebase project in this directory:

  /Users/nthnl/Desktop/REACT/nthnl_bdky

[info] 
=== Project Setup
[info] 
[info] First, let's associate this project directory with a Firebase project.
[info] You can create multiple project aliases by running firebase use --add, 
[info] but for now we'll just set up a default project.
[info] 
[debug] [2022-12-16T01:50:07.488Z] >>> [apiv2][query] GET https://firebase.googleapis.com/v1beta1/projects pageSize=100
[debug] [2022-12-16T01:50:08.309Z] <<< [apiv2][status] GET https://firebase.googleapis.com/v1beta1/projects 200
[debug] [2022-12-16T01:50:08.310Z] <<< [apiv2][body] GET https://firebase.googleapis.com/v1beta1/projects [omitted]
[info] i  Using project scrimba-project-1 (Scrimba Project 1) 
[info] 
=== Hosting Setup
[info] 
[info] Your public directory is the folder (relative to your project directory) that
[info] will contain Hosting assets to be uploaded with firebase deploy. If you
[info] have a build process for your assets, use your build's output directory.
[info] 
[info] ✔  Wrote public/404.html 
[debug] [2022-12-16T01:51:34.598Z] >>> [apiv2][query] GET https://www.gstatic.com/firebasejs/releases.json [none]
[debug] [2022-12-16T01:51:35.607Z] <<< [apiv2][status] GET https://www.gstatic.com/firebasejs/releases.json 200
[debug] [2022-12-16T01:51:35.608Z] <<< [apiv2][body] GET https://www.gstatic.com/firebasejs/releases.json {"current":{"version":"9.15.0","browserURL":"https://www.gstatic.com/firebasejs/9.15.0/firebase.js","packageURL":"https://www.gstatic.com/firebasejs/9.15.0/firebase.tgz"},"live":{"version":"9.15","browserURL":"https://www.gstatic.com/firebasejs/live/9.15/firebase.js","packageURL":"https://www.gstatic.com/firebasejs/live/9.15/firebase.tgz"},"components":{"analytics":"https://www.gstatic.com/firebasejs/9.15.0/firebase-analytics.js","app":"https://www.gstatic.com/firebasejs/9.15.0/firebase-app.js","app-check":"https://www.gstatic.com/firebasejs/9.15.0/firebase-app-check.js","auth":"https://www.gstatic.com/firebasejs/9.15.0/firebase-auth.js","auth/cordova":"https://www.gstatic.com/firebasejs/9.15.0/firebase-auth/cordova.js","auth/react-native":"https://www.gstatic.com/firebasejs/9.15.0/firebase-auth/react-native.js","functions":"https://www.gstatic.com/firebasejs/9.15.0/firebase-functions.js","firestore":"https://www.gstatic.com/firebasejs/9.15.0/firebase-firestore.js","firestore/lite":"https://www.gstatic.com/firebasejs/9.15.0/firebase-firestore/lite.js","installations":"https://www.gstatic.com/firebasejs/9.15.0/firebase-installations.js","storage":"https://www.gstatic.com/firebasejs/9.15.0/firebase-storage.js","performance":"https://www.gstatic.com/firebasejs/9.15.0/firebase-performance.js","remote-config":"https://www.gstatic.com/firebasejs/9.15.0/firebase-remote-config.js","messaging":"https://www.gstatic.com/firebasejs/9.15.0/firebase-messaging.js","messaging/sw":"https://www.gstatic.com/firebasejs/9.15.0/firebase-messaging/sw.js","database":"https://www.gstatic.com/firebasejs/9.15.0/firebase-database.js","firestore.memory":"https://www.gstatic.com/firebasejs/9.15.0/firebase-firestore.memory.js"}}
[info] i  Skipping write of public/index.html 
[info] 
[info] i  Detected a .git folder at /Users/nthnl/Desktop/REACT/nthnl_bdky 
[info] i  Authorizing with GitHub to upload your service account to a GitHub repository's secrets store. 
[info] 
[info] Visit this URL on this device to log in:
[info] https://github.com/login/oauth/authorize?client_id=89cf50f02ac6aaed3484&state=277722614&redirect_uri=http%3A%2F%2Flocalhost%3A9005&scope=read%3Auser%20repo%20public_repo
[info] 
[info] Waiting for authentication...
[debug] [2022-12-16T01:55:24.462Z] >>> [apiv2][query] POST https://github.com/login/oauth/access_token [none]
[debug] [2022-12-16T01:55:24.466Z] >>> [apiv2][body] POST https://github.com/login/oauth/access_token [stream]
[debug] [2022-12-16T01:55:25.012Z] <<< [apiv2][status] POST https://github.com/login/oauth/access_token 200
[debug] [2022-12-16T01:55:25.013Z] <<< [apiv2][body] POST https://github.com/login/oauth/access_token {"access_token":"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","token_type":"bearer","scope":"read:user,repo"}
[debug] [2022-12-16T01:55:25.027Z] >>> [apiv2][query] GET https://api.github.com/user [none]
[debug] [2022-12-16T01:55:25.523Z] <<< [apiv2][status] GET https://api.github.com/user 200
[debug] [2022-12-16T01:55:25.523Z] <<< [apiv2][body] GET https://api.github.com/user {"login":"nthnlbdky","id":74121156,"node_id":"MDQ6VXNlcjc0MTIxMTU2","avatar_url":"https://avatars.githubusercontent.com/u/74121156?v=4","gravatar_id":"","url":"https://api.github.com/users/nthnlbdky","html_url":"https://github.com/nthnlbdky","followers_url":"https://api.github.com/users/nthnlbdky/followers","following_url":"https://api.github.com/users/nthnlbdky/following{/other_user}","gists_url":"https://api.github.com/users/nthnlbdky/gists{/gist_id}","starred_url":"https://api.github.com/users/nthnlbdky/starred{/owner}{/repo}","subscriptions_url":"https://api.github.com/users/nthnlbdky/subscriptions","organizations_url":"https://api.github.com/users/nthnlbdky/orgs","repos_url":"https://api.github.com/users/nthnlbdky/repos","events_url":"https://api.github.com/users/nthnlbdky/events{/privacy}","received_events_url":"https://api.github.com/users/nthnlbdky/received_events","type":"User","site_admin":false,"name":"Nathaniel","company":null,"blog":"","location":null,"email":null,"hireable":null,"bio":"Aspiring Full-stack Web Developer","twitter_username":null,"public_repos":4,"public_gists":0,"followers":0,"following":0,"created_at":"2020-11-08T00:19:37Z","updated_at":"2022-12-16T01:05:38Z","private_gists":0,"total_private_repos":0,"owned_private_repos":0,"disk_usage":1672,"collaborators":0,"two_factor_authentication":false,"plan":{"name":"free","space":976562499,"collaborators":0,"private_repos":10000}}
[info] 
[info] ✔  Success! Logged into GitHub as nthnlbdky 
[info] 
[debug] [2022-12-16T01:58:13.037Z] >>> [apiv2][query] GET https://api.github.com/repos/scrimba-project-one/actions/secrets/public-key type=owner
[debug] [2022-12-16T01:58:13.573Z] <<< [apiv2][status] GET https://api.github.com/repos/scrimba-project-one/actions/secrets/public-key 404
[debug] [2022-12-16T01:58:13.573Z] <<< [apiv2][body] GET https://api.github.com/repos/scrimba-project-one/actions/secrets/public-key {"message":"Not Found","documentation_url":"https://docs.github.com/rest"}
[debug] [2022-12-16T01:59:30.660Z] >>> [apiv2][query] GET https://api.github.com/repos/scrimba-project-one/actions/secrets/public-key type=owner
[debug] [2022-12-16T01:59:31.179Z] <<< [apiv2][status] GET https://api.github.com/repos/scrimba-project-one/actions/secrets/public-key 404
[debug] [2022-12-16T01:59:31.179Z] <<< [apiv2][body] GET https://api.github.com/repos/scrimba-project-one/actions/secrets/public-key {"message":"Not Found","documentation_url":"https://docs.github.com/rest"}
[debug] [2022-12-16T01:59:32.898Z] >>> [apiv2][query] GET https://api.github.com/repos/scrimba-project-one/actions/secrets/public-key type=owner
[debug] [2022-12-16T01:59:33.261Z] <<< [apiv2][status] GET https://api.github.com/repos/scrimba-project-one/actions/secrets/public-key 404
[debug] [2022-12-16T01:59:33.261Z] <<< [apiv2][body] GET https://api.github.com/repos/scrimba-project-one/actions/secrets/public-key {"message":"Not Found","documentation_url":"https://docs.github.com/rest"}
[debug] [2022-12-16T02:00:37.556Z] >>> [apiv2][query] GET https://api.github.com/repos/nathanbud/scrimba-project-one/actions/secrets/public-key type=owner
[debug] [2022-12-16T02:00:38.072Z] <<< [apiv2][status] GET https://api.github.com/repos/nathanbud/scrimba-project-one/actions/secrets/public-key 403
[debug] [2022-12-16T02:00:38.074Z] <<< [apiv2][body] GET https://api.github.com/repos/nathanbud/scrimba-project-one/actions/secrets/public-key {"message":"Must have admin rights to Repository.","documentation_url":"https://docs.github.com/rest/reference/actions#get-a-repository-public-key"}
[info] 
[info] 
[error] ⚠  The provided authorization cannot be used with this repository. If this repository is in an organization, did you remember to grant access? 
[info] 
[info] i  Action required: Visit this URL to ensure access has been granted to the appropriate organization(s) for the Firebase CLI GitHub OAuth App: 
[info] https://github.com/settings/connections/applications/89cf50f02ac6aaed3484
[info] 
[debug] [2022-12-16T02:02:01.965Z] >>> [apiv2][query] GET https://api.github.com/repos/nathanbud/scrimba-project-one/actions/secrets/public-key type=owner
[debug] [2022-12-16T02:02:02.648Z] <<< [apiv2][status] GET https://api.github.com/repos/nathanbud/scrimba-project-one/actions/secrets/public-key 403
[debug] [2022-12-16T02:02:02.649Z] <<< [apiv2][body] GET https://api.github.com/repos/nathanbud/scrimba-project-one/actions/secrets/public-key {"message":"Must have admin rights to Repository.","documentation_url":"https://docs.github.com/rest/reference/actions#get-a-repository-public-key"}
[info] 
[info] 
[error] ⚠  The provided authorization cannot be used with this repository. If this repository is in an organization, did you remember to grant access? 
[info] 
[info] i  Action required: Visit this URL to ensure access has been granted to the appropriate organization(s) for the Firebase CLI GitHub OAuth App: 
[info] https://github.com/settings/connections/applications/89cf50f02ac6aaed3484
[info] 
[debug] [2022-12-16T02:06:39.111Z] >>> [apiv2][query] GET https://api.github.com/repos/nathanbud/scrimba-project-one/actions/secrets/public-key type=owner
[debug] [2022-12-16T02:06:39.594Z] <<< [apiv2][status] GET https://api.github.com/repos/nathanbud/scrimba-project-one/actions/secrets/public-key 403
[debug] [2022-12-16T02:06:39.594Z] <<< [apiv2][body] GET https://api.github.com/repos/nathanbud/scrimba-project-one/actions/secrets/public-key {"message":"Must have admin rights to Repository.","documentation_url":"https://docs.github.com/rest/reference/actions#get-a-repository-public-key"}
[info] 
[info] 
[error] ⚠  The provided authorization cannot be used with this repository. If this repository is in an organization, did you remember to grant access? 
[info] 
[info] i  Action required: Visit this URL to ensure access has been granted to the appropriate organization(s) for the Firebase CLI GitHub OAuth App: 
[info] https://github.com/settings/connections/applications/89cf50f02ac6aaed3484
[info] 
